<?xml version="1.0" encoding="UTF-8"?>
<testsuite xmlns:xsi="http://www.w3.org/2001/XMLSchema-instance" xsi:noNamespaceSchemaLocation="https://maven.apache.org/surefire/maven-surefire-plugin/xsd/surefire-test-report.xsd" name="com.metageek.ssdh.account.model.UserCredentialTest" time="0.593" tests="8" errors="0" skipped="0" failures="0">
  <properties>
[...]
</properties>
  <testcase name="test_type" classname="com.metageek.ssdh.account.model.UserCredentialTest" time="0.38"/>
  <testcase name="test_validateStrongPassword" classname="com.metageek.ssdh.account.model.UserCredentialTest" time="0.109"/>
  <testcase name="test_validateNullPassword" classname="com.metageek.ssdh.account.model.UserCredentialTest" time="0.035"/>
  <testcase name="test_instantiation" classname="com.metageek.ssdh.account.model.UserCredentialTest" time="0.006"/>
  <testcase name="test_validateSimplePassword" classname="com.metageek.ssdh.account.model.UserCredentialTest" time="0.021"/>
  <testcase name="test_validateInvalidUserName" classname="com.metageek.ssdh.account.model.UserCredentialTest" time="0.015"/>
  <testcase name="test_validateValidUserName" classname="com.metageek.ssdh.account.model.UserCredentialTest" time="0.012"/>
  <testcase name="test_validateShortUserName" classname="com.metageek.ssdh.account.model.UserCredentialTest" time="0.011"/>
</testsuite>